<?xml version="1.0" encoding="UTF-8"?>
<testng-results skipped="0" failed="0" total="7" passed="7">
  <reporter-output>
  </reporter-output>
  <suite name="UptakeSuite" duration-ms="37417" started-at="2016-11-17T17:10:10Z" finished-at="2016-11-17T17:10:47Z">
    <groups>
    </groups>
    <test name="NavigationTest" duration-ms="37417" started-at="2016-11-17T17:10:10Z" finished-at="2016-11-17T17:10:47Z">
      <class name="testCase.BaseTest">
        <test-method status="PASS" signature="configSetup()[pri:0, instance:testCase.BaseTest@457e2f02]" name="configSetup" is-config="true" duration-ms="9056" started-at="2016-11-17T11:10:01Z" finished-at="2016-11-17T11:10:10Z">
          <reporter-output>
          </reporter-output>
        </test-method> <!-- configSetup -->
        <test-method status="PASS" signature="configTearDown()[pri:0, instance:testCase.BaseTest@457e2f02]" name="configTearDown" is-config="true" duration-ms="65" started-at="2016-11-17T11:10:47Z" finished-at="2016-11-17T11:10:47Z">
          <reporter-output>
          </reporter-output>
        </test-method> <!-- configTearDown -->
      </class> <!-- testCase.BaseTest -->
      <class name="testCase.PageNavigation">
        <test-method status="PASS" signature="testApproachPageNavigation()[pri:0, instance:testCase.PageNavigation@5c7fa833]" name="testApproachPageNavigation" duration-ms="6789" started-at="2016-11-17T11:10:10Z" finished-at="2016-11-17T11:10:17Z">
          <reporter-output>
          </reporter-output>
        </test-method> <!-- testApproachPageNavigation -->
        <test-method status="PASS" signature="testBlogPageNavigation()[pri:0, instance:testCase.PageNavigation@5c7fa833]" name="testBlogPageNavigation" duration-ms="4892" started-at="2016-11-17T11:10:17Z" finished-at="2016-11-17T11:10:22Z">
          <reporter-output>
          </reporter-output>
        </test-method> <!-- testBlogPageNavigation -->
        <test-method status="PASS" signature="testContactUsPageNavigation()[pri:0, instance:testCase.PageNavigation@5c7fa833]" name="testContactUsPageNavigation" duration-ms="579" started-at="2016-11-17T11:10:22Z" finished-at="2016-11-17T11:10:22Z">
          <reporter-output>
          </reporter-output>
        </test-method> <!-- testContactUsPageNavigation -->
        <test-method status="PASS" signature="testJoinUsPageNavigation()[pri:0, instance:testCase.PageNavigation@5c7fa833]" name="testJoinUsPageNavigation" duration-ms="4696" started-at="2016-11-17T11:10:22Z" finished-at="2016-11-17T11:10:27Z">
          <reporter-output>
          </reporter-output>
        </test-method> <!-- testJoinUsPageNavigation -->
        <test-method status="PASS" signature="testPeoplePageNavigation()[pri:0, instance:testCase.PageNavigation@5c7fa833]" name="testPeoplePageNavigation" duration-ms="6353" started-at="2016-11-17T11:10:27Z" finished-at="2016-11-17T11:10:33Z">
          <reporter-output>
          </reporter-output>
        </test-method> <!-- testPeoplePageNavigation -->
        <test-method status="PASS" signature="testPlatformPageNavigation()[pri:0, instance:testCase.PageNavigation@5c7fa833]" name="testPlatformPageNavigation" duration-ms="7014" started-at="2016-11-17T11:10:33Z" finished-at="2016-11-17T11:10:40Z">
          <reporter-output>
          </reporter-output>
        </test-method> <!-- testPlatformPageNavigation -->
        <test-method status="PASS" signature="testSolutionsPageNavigation()[pri:0, instance:testCase.PageNavigation@5c7fa833]" name="testSolutionsPageNavigation" duration-ms="7029" started-at="2016-11-17T11:10:40Z" finished-at="2016-11-17T11:10:47Z">
          <reporter-output>
          </reporter-output>
        </test-method> <!-- testSolutionsPageNavigation -->
      </class> <!-- testCase.PageNavigation -->
    </test> <!-- NavigationTest -->
  </suite> <!-- UptakeSuite -->
</testng-results>
