<?xml version="1.0" encoding="UTF-8"?>
<!-- Generated by org.testng.reporters.JUnitXMLReporter -->
<testsuite hostname="Vijay" name="NavigationTest" tests="7" failures="0" timestamp="17 Nov 2016 17:10:47 GMT" time="37.417" errors="0">
  <testcase name="testApproachPageNavigation" time="6.789" classname="testCase.PageNavigation"/>
  <testcase name="testBlogPageNavigation" time="4.892" classname="testCase.PageNavigation"/>
  <testcase name="testContactUsPageNavigation" time="0.579" classname="testCase.PageNavigation"/>
  <testcase name="testJoinUsPageNavigation" time="4.696" classname="testCase.PageNavigation"/>
  <testcase name="testPeoplePageNavigation" time="6.353" classname="testCase.PageNavigation"/>
  <testcase name="testPlatformPageNavigation" time="7.014" classname="testCase.PageNavigation"/>
  <testcase name="testSolutionsPageNavigation" time="7.029" classname="testCase.PageNavigation"/>
</testsuite> <!-- NavigationTest -->
